-------------------------------------------------------------------------------
Test set: com.example.paul.integration.MakeTransferIntegrationTest
-------------------------------------------------------------------------------
Tests run: 1, Failures: 1, Errors: 0, Skipped: 0, Time elapsed: 0.079 s <<< FAILURE! - in com.example.paul.integration.MakeTransferIntegrationTest
givenTransactionDetails_whenMakeTransaction_thenVerifyTransactionIsProcessed  Time elapsed: 0.076 s  <<< FAILURE!
org.opentest4j.AssertionFailedError: 

Expecting value to be true but was false
	at com.example.paul.integration.MakeTransferIntegrationTest.givenTransactionDetails_whenMakeTransaction_thenVerifyTransactionIsProcessed(MakeTransferIntegrationTest.java:44)

