<?xml version="1.0" encoding="UTF-8"?>
<testsuite xmlns:xsi="http://www.w3.org/2001/XMLSchema-instance" xsi:noNamespaceSchemaLocation="https://maven.apache.org/surefire/maven-surefire-plugin/xsd/surefire-test-report.xsd" name="com.example.paul.integration.CheckBalanceIntegrationTest" time="8.221" tests="1" errors="1" skipped="0" failures="0">
  <properties>
[...]
</properties>
  <testcase name="givenAccountDetails_whenCheckingBalance_thenVerifyAccountCorrect" classname="com.example.paul.integration.CheckBalanceIntegrationTest" time="0.345">
    <error message="class java.lang.String cannot be cast to class com.example.paul.models.Account (java.lang.String is in module java.base of loader &apos;bootstrap&apos;; com.example.paul.models.Account is in unnamed module of loader &apos;app&apos;)" type="java.lang.ClassCastException">java.lang.ClassCastException: class java.lang.String cannot be cast to class com.example.paul.models.Account (java.lang.String is in module java.base of loader 'bootstrap'; com.example.paul.models.Account is in unnamed module of loader 'app')
	at com.example.paul.integration.CheckBalanceIntegrationTest.givenAccountDetails_whenCheckingBalance_thenVerifyAccountCorrect(CheckBalanceIntegrationTest.java:31)
</error>
    <system-out><![CDATA[00:28:24.341 [main] DEBUG org.springframework.test.context.BootstrapUtils - Instantiating CacheAwareContextLoaderDelegate from class [org.springframework.test.context.cache.DefaultCacheAwareContextLoaderDelegate]
00:28:24.357 [main] DEBUG org.springframework.test.context.BootstrapUtils - Instantiating BootstrapContext using constructor [public org.springframework.test.context.support.DefaultBootstrapContext(java.lang.Class,org.springframework.test.context.CacheAwareContextLoaderDelegate)]
00:28:24.410 [main] DEBUG org.springframework.test.context.BootstrapUtils - Instantiating TestContextBootstrapper for test class [com.example.paul.integration.CheckBalanceIntegrationTest] from class [org.springframework.boot.test.context.SpringBootTestContextBootstrapper]
00:28:24.423 [main] INFO org.springframework.boot.test.context.SpringBootTestContextBootstrapper - Neither @ContextConfiguration nor @ContextHierarchy found for test class [com.example.paul.integration.CheckBalanceIntegrationTest], using SpringBootContextLoader
00:28:24.429 [main] DEBUG org.springframework.test.context.support.AbstractContextLoader - Did not detect default resource location for test class [com.example.paul.integration.CheckBalanceIntegrationTest]: class path resource [com/example/paul/integration/CheckBalanceIntegrationTest-context.xml] does not exist
00:28:24.430 [main] DEBUG org.springframework.test.context.support.AbstractContextLoader - Did not detect default resource location for test class [com.example.paul.integration.CheckBalanceIntegrationTest]: class path resource [com/example/paul/integration/CheckBalanceIntegrationTestContext.groovy] does not exist
00:28:24.430 [main] INFO org.springframework.test.context.support.AbstractContextLoader - Could not detect default resource locations for test class [com.example.paul.integration.CheckBalanceIntegrationTest]: no resource found for suffixes {-context.xml, Context.groovy}.
00:28:24.431 [main] INFO org.springframework.test.context.support.AnnotationConfigContextLoaderUtils - Could not detect default configuration classes for test class [com.example.paul.integration.CheckBalanceIntegrationTest]: CheckBalanceIntegrationTest does not declare any static, non-private, non-final, nested classes annotated with @Configuration.
00:28:24.608 [main] DEBUG org.springframework.context.annotation.ClassPathScanningCandidateComponentProvider - Identified candidate component class: file [C:\Users\sumit\Desktop\Spring-boot-Banking-main\target\classes\com\example\paul\Application.class]
00:28:24.610 [main] INFO org.springframework.boot.test.context.SpringBootTestContextBootstrapper - Found @SpringBootConfiguration com.example.paul.Application for test class com.example.paul.integration.CheckBalanceIntegrationTest
00:28:24.747 [main] DEBUG org.springframework.boot.test.context.SpringBootTestContextBootstrapper - @TestExecutionListeners is not present for class [com.example.paul.integration.CheckBalanceIntegrationTest]: using defaults.
00:28:24.748 [main] INFO org.springframework.boot.test.context.SpringBootTestContextBootstrapper - Loaded default TestExecutionListener class names from location [META-INF/spring.factories]: [org.springframework.boot.test.mock.mockito.MockitoTestExecutionListener, org.springframework.boot.test.mock.mockito.ResetMocksTestExecutionListener, org.springframework.boot.test.autoconfigure.restdocs.RestDocsTestExecutionListener, org.springframework.boot.test.autoconfigure.web.client.MockRestServiceServerResetTestExecutionListener, org.springframework.boot.test.autoconfigure.web.servlet.MockMvcPrintOnlyOnFailureTestExecutionListener, org.springframework.boot.test.autoconfigure.web.servlet.WebDriverTestExecutionListener, org.springframework.boot.test.autoconfigure.webservices.client.MockWebServiceServerTestExecutionListener, org.springframework.test.context.web.ServletTestExecutionListener, org.springframework.test.context.support.DirtiesContextBeforeModesTestExecutionListener, org.springframework.test.context.event.ApplicationEventsTestExecutionListener, org.springframework.test.context.support.DependencyInjectionTestExecutionListener, org.springframework.test.context.support.DirtiesContextTestExecutionListener, org.springframework.test.context.transaction.TransactionalTestExecutionListener, org.springframework.test.context.jdbc.SqlScriptsTestExecutionListener, org.springframework.test.context.event.EventPublishingTestExecutionListener]
00:28:24.770 [main] INFO org.springframework.boot.test.context.SpringBootTestContextBootstrapper - Using TestExecutionListeners: [org.springframework.test.context.web.ServletTestExecutionListener@7a1a14a4, org.springframework.test.context.support.DirtiesContextBeforeModesTestExecutionListener@265adfad, org.springframework.test.context.event.ApplicationEventsTestExecutionListener@a3d9978, org.springframework.boot.test.mock.mockito.MockitoTestExecutionListener@61544ae6, org.springframework.boot.test.autoconfigure.SpringBootDependencyInjectionTestExecutionListener@4b41dd5c, org.springframework.test.context.support.DirtiesContextTestExecutionListener@3b96c42e, org.springframework.test.context.transaction.TransactionalTestExecutionListener@5d066c7d, org.springframework.test.context.jdbc.SqlScriptsTestExecutionListener@1e461e41, org.springframework.test.context.event.EventPublishingTestExecutionListener@5ba88be8, org.springframework.boot.test.mock.mockito.ResetMocksTestExecutionListener@56928307, org.springframework.boot.test.autoconfigure.restdocs.RestDocsTestExecutionListener@3899782c, org.springframework.boot.test.autoconfigure.web.client.MockRestServiceServerResetTestExecutionListener@1603cd68, org.springframework.boot.test.autoconfigure.web.servlet.MockMvcPrintOnlyOnFailureTestExecutionListener@9ebe38b, org.springframework.boot.test.autoconfigure.web.servlet.WebDriverTestExecutionListener@4b23c30a, org.springframework.boot.test.autoconfigure.webservices.client.MockWebServiceServerTestExecutionListener@38089a5a]
00:28:24.775 [main] DEBUG org.springframework.test.context.support.AbstractDirtiesContextTestExecutionListener - Before test class: context [DefaultTestContext@484094a5 testClass = CheckBalanceIntegrationTest, testInstance = [null], testMethod = [null], testException = [null], mergedContextConfiguration = [WebMergedContextConfiguration@38234a38 testClass = CheckBalanceIntegrationTest, locations = '{}', classes = '{class com.example.paul.Application}', contextInitializerClasses = '[]', activeProfiles = '{local}', propertySourceLocations = '{}', propertySourceProperties = '{org.springframework.boot.test.context.SpringBootTestContextBootstrapper=true, server.port=0}', contextCustomizers = set[org.springframework.boot.test.context.filter.ExcludeFilterContextCustomizer@21282ed8, org.springframework.boot.test.json.DuplicateJsonObjectContextCustomizerFactory$DuplicateJsonObjectContextCustomizer@1e1a0406, org.springframework.boot.test.mock.mockito.MockitoContextCustomizer@0, org.springframework.boot.test.web.client.TestRestTemplateContextCustomizer@d9345cd, org.springframework.boot.test.autoconfigure.actuate.metrics.MetricsExportContextCustomizerFactory$DisableMetricExportContextCustomizer@506ae4d4, org.springframework.boot.test.autoconfigure.properties.PropertyMappingContextCustomizer@0, org.springframework.boot.test.autoconfigure.web.servlet.WebDriverContextCustomizerFactory$Customizer@a38c7fe, org.springframework.boot.test.context.SpringBootTestArgs@1, org.springframework.boot.test.context.SpringBootTestWebEnvironment@6b9651f3], resourceBasePath = 'src/main/webapp', contextLoader = 'org.springframework.boot.test.context.SpringBootContextLoader', parent = [null]], attributes = map['org.springframework.test.context.web.ServletTestExecutionListener.activateListener' -> false]], class annotated with @DirtiesContext [false] with mode [null].
00:28:24.792 [main] DEBUG org.springframework.test.context.support.DependencyInjectionTestExecutionListener - Performing dependency injection for test context [[DefaultTestContext@484094a5 testClass = CheckBalanceIntegrationTest, testInstance = com.example.paul.integration.CheckBalanceIntegrationTest@6b88ca8c, testMethod = [null], testException = [null], mergedContextConfiguration = [WebMergedContextConfiguration@38234a38 testClass = CheckBalanceIntegrationTest, locations = '{}', classes = '{class com.example.paul.Application}', contextInitializerClasses = '[]', activeProfiles = '{local}', propertySourceLocations = '{}', propertySourceProperties = '{org.springframework.boot.test.context.SpringBootTestContextBootstrapper=true, server.port=0}', contextCustomizers = set[org.springframework.boot.test.context.filter.ExcludeFilterContextCustomizer@21282ed8, org.springframework.boot.test.json.DuplicateJsonObjectContextCustomizerFactory$DuplicateJsonObjectContextCustomizer@1e1a0406, org.springframework.boot.test.mock.mockito.MockitoContextCustomizer@0, org.springframework.boot.test.web.client.TestRestTemplateContextCustomizer@d9345cd, org.springframework.boot.test.autoconfigure.actuate.metrics.MetricsExportContextCustomizerFactory$DisableMetricExportContextCustomizer@506ae4d4, org.springframework.boot.test.autoconfigure.properties.PropertyMappingContextCustomizer@0, org.springframework.boot.test.autoconfigure.web.servlet.WebDriverContextCustomizerFactory$Customizer@a38c7fe, org.springframework.boot.test.context.SpringBootTestArgs@1, org.springframework.boot.test.context.SpringBootTestWebEnvironment@6b9651f3], resourceBasePath = 'src/main/webapp', contextLoader = 'org.springframework.boot.test.context.SpringBootContextLoader', parent = [null]], attributes = map['org.springframework.test.context.web.ServletTestExecutionListener.activateListener' -> false, 'org.springframework.test.context.event.ApplicationEventsTestExecutionListener.recordApplicationEvents' -> false]]].

  .   ____          _            __ _ _
 /\\ / ___'_ __ _ _(_)_ __  __ _ \ \ \ \
( ( )\___ | '_ | '_| | '_ \/ _` | \ \ \ \
 \\/  ___)| |_)| | | | | || (_| |  ) ) ) )
  '  |____| .__|_| |_|_| |_\__, | / / / /
 =========|_|==============|___/=/_/_/_/
 :: Spring Boot ::                (v2.7.0)

2023-08-15 00:28:25.405  INFO 17164 --- [           main] c.e.p.i.CheckBalanceIntegrationTest      : Starting CheckBalanceIntegrationTest using Java 20.0.2 on Sumit-i7 with PID 17164 (started by sumit in C:\Users\sumit\Desktop\Spring-boot-Banking-main)
2023-08-15 00:28:25.407  INFO 17164 --- [           main] c.e.p.i.CheckBalanceIntegrationTest      : The following 1 profile is active: "local"
2023-08-15 00:28:25.434  WARN 17164 --- [           main] o.s.b.c.config.ConfigDataEnvironment     : Property 'spring.profiles' imported from location 'class path resource [application.yaml]' is invalid and should be replaced with 'spring.config.activate.on-profile' [origin: class path resource [application.yaml] - 6:13]
2023-08-15 00:28:26.490  INFO 17164 --- [           main] .s.d.r.c.RepositoryConfigurationDelegate : Bootstrapping Spring Data JPA repositories in DEFAULT mode.
2023-08-15 00:28:26.606  INFO 17164 --- [           main] .s.d.r.c.RepositoryConfigurationDelegate : Finished Spring Data repository scanning in 94 ms. Found 2 JPA repository interfaces.
2023-08-15 00:28:27.842  INFO 17164 --- [           main] o.s.b.w.embedded.tomcat.TomcatWebServer  : Tomcat initialized with port(s): 0 (http)
2023-08-15 00:28:27.858  INFO 17164 --- [           main] o.apache.catalina.core.StandardService   : Starting service [Tomcat]
2023-08-15 00:28:27.859  INFO 17164 --- [           main] org.apache.catalina.core.StandardEngine  : Starting Servlet engine: [Apache Tomcat/9.0.63]
2023-08-15 00:28:28.054  INFO 17164 --- [           main] o.a.c.c.C.[Tomcat].[localhost].[/]       : Initializing Spring embedded WebApplicationContext
2023-08-15 00:28:28.054  INFO 17164 --- [           main] w.s.c.ServletWebServerApplicationContext : Root WebApplicationContext: initialization completed in 2618 ms
2023-08-15 00:28:28.151  INFO 17164 --- [           main] com.zaxxer.hikari.HikariDataSource       : HikariPool-1 - Starting...
2023-08-15 00:28:28.481  INFO 17164 --- [           main] com.zaxxer.hikari.HikariDataSource       : HikariPool-1 - Start completed.
2023-08-15 00:28:28.496  INFO 17164 --- [           main] o.s.b.a.h2.H2ConsoleAutoConfiguration    : H2 console available at '/h2-console'. Database available at 'jdbc:h2:mem:online_bank'
2023-08-15 00:28:28.947  INFO 17164 --- [           main] o.hibernate.jpa.internal.util.LogHelper  : HHH000204: Processing PersistenceUnitInfo [name: default]
2023-08-15 00:28:29.044  INFO 17164 --- [           main] org.hibernate.Version                    : HHH000412: Hibernate ORM core version 5.6.9.Final
2023-08-15 00:28:29.395  INFO 17164 --- [           main] o.hibernate.annotations.common.Version   : HCANN000001: Hibernate Commons Annotations {5.1.2.Final}
2023-08-15 00:28:29.614  INFO 17164 --- [           main] org.hibernate.dialect.Dialect            : HHH000400: Using dialect: org.hibernate.dialect.H2Dialect
2023-08-15 00:28:30.494  INFO 17164 --- [           main] o.h.e.t.j.p.i.JtaPlatformInitiator       : HHH000490: Using JtaPlatform implementation: [org.hibernate.engine.transaction.jta.platform.internal.NoJtaPlatform]
2023-08-15 00:28:30.503  INFO 17164 --- [           main] j.LocalContainerEntityManagerFactoryBean : Initialized JPA EntityManagerFactory for persistence unit 'default'
2023-08-15 00:28:31.169  WARN 17164 --- [           main] JpaBaseConfiguration$JpaWebConfiguration : spring.jpa.open-in-view is enabled by default. Therefore, database queries may be performed during view rendering. Explicitly configure spring.jpa.open-in-view to disable this warning
2023-08-15 00:28:32.100  INFO 17164 --- [           main] o.s.b.w.embedded.tomcat.TomcatWebServer  : Tomcat started on port(s): 58469 (http) with context path ''
2023-08-15 00:28:32.122  INFO 17164 --- [           main] c.e.p.i.CheckBalanceIntegrationTest      : Started CheckBalanceIntegrationTest in 7.288 seconds (JVM running for 8.713)
]]></system-out>
  </testcase>
</testsuite>