<?xml version="1.0" encoding="UTF-8"?>
<testsuite xmlns:xsi="http://www.w3.org/2001/XMLSchema-instance" xsi:noNamespaceSchemaLocation="https://maven.apache.org/surefire/maven-surefire-plugin/xsd/surefire-test-report.xsd" name="com.example.paul.unit.AccountRestControllerTest" time="1.024" tests="4" errors="0" skipped="0" failures="2">
  <properties>
[...]
</properties>
  <testcase name="givenNoAccountForInput_whenCheckingBalance_thenVerifyNoContent" classname="com.example.paul.unit.AccountRestControllerTest" time="0.271">
    <failure message="Status expected:&lt;204&gt; but was:&lt;200&gt;" type="java.lang.AssertionError"><![CDATA[java.lang.AssertionError: Status expected:<204> but was:<200>
	at com.example.paul.unit.AccountRestControllerTest.givenNoAccountForInput_whenCheckingBalance_thenVerifyNoContent(AccountRestControllerTest.java:51)
]]></failure>
    <system-out><![CDATA[2023-08-15 00:28:32.666  INFO 17164 --- [           main] .b.t.a.w.s.WebMvcTestContextBootstrapper : Neither @ContextConfiguration nor @ContextHierarchy found for test class [com.example.paul.unit.AccountRestControllerTest], using SpringBootContextLoader
2023-08-15 00:28:32.667  INFO 17164 --- [           main] o.s.t.c.support.AbstractContextLoader    : Could not detect default resource locations for test class [com.example.paul.unit.AccountRestControllerTest]: no resource found for suffixes {-context.xml, Context.groovy}.
2023-08-15 00:28:32.667  INFO 17164 --- [           main] t.c.s.AnnotationConfigContextLoaderUtils : Could not detect default configuration classes for test class [com.example.paul.unit.AccountRestControllerTest]: AccountRestControllerTest does not declare any static, non-private, non-final, nested classes annotated with @Configuration.
2023-08-15 00:28:32.706  INFO 17164 --- [           main] .b.t.c.SpringBootTestContextBootstrapper : Found @SpringBootConfiguration com.example.paul.Application for test class com.example.paul.unit.AccountRestControllerTest
2023-08-15 00:28:32.708  INFO 17164 --- [           main] .b.t.a.w.s.WebMvcTestContextBootstrapper : Loaded default TestExecutionListener class names from location [META-INF/spring.factories]: [org.springframework.boot.test.mock.mockito.MockitoTestExecutionListener, org.springframework.boot.test.mock.mockito.ResetMocksTestExecutionListener, org.springframework.boot.test.autoconfigure.restdocs.RestDocsTestExecutionListener, org.springframework.boot.test.autoconfigure.web.client.MockRestServiceServerResetTestExecutionListener, org.springframework.boot.test.autoconfigure.web.servlet.MockMvcPrintOnlyOnFailureTestExecutionListener, org.springframework.boot.test.autoconfigure.web.servlet.WebDriverTestExecutionListener, org.springframework.boot.test.autoconfigure.webservices.client.MockWebServiceServerTestExecutionListener, org.springframework.test.context.web.ServletTestExecutionListener, org.springframework.test.context.support.DirtiesContextBeforeModesTestExecutionListener, org.springframework.test.context.event.ApplicationEventsTestExecutionListener, org.springframework.test.context.support.DependencyInjectionTestExecutionListener, org.springframework.test.context.support.DirtiesContextTestExecutionListener, org.springframework.test.context.transaction.TransactionalTestExecutionListener, org.springframework.test.context.jdbc.SqlScriptsTestExecutionListener, org.springframework.test.context.event.EventPublishingTestExecutionListener]
2023-08-15 00:28:32.709  INFO 17164 --- [           main] .b.t.a.w.s.WebMvcTestContextBootstrapper : Using TestExecutionListeners: [org.springframework.test.context.web.ServletTestExecutionListener@74130456, org.springframework.test.context.support.DirtiesContextBeforeModesTestExecutionListener@3b171fbd, org.springframework.test.context.event.ApplicationEventsTestExecutionListener@1ece052b, org.springframework.boot.test.mock.mockito.MockitoTestExecutionListener@20dc763b, org.springframework.boot.test.autoconfigure.SpringBootDependencyInjectionTestExecutionListener@4c81e7c2, org.springframework.test.context.support.DirtiesContextTestExecutionListener@4fe8e318, org.springframework.test.context.transaction.TransactionalTestExecutionListener@21e15093, org.springframework.test.context.jdbc.SqlScriptsTestExecutionListener@62cf873a, org.springframework.test.context.event.EventPublishingTestExecutionListener@21b3d356, org.springframework.boot.test.mock.mockito.ResetMocksTestExecutionListener@294b045b, org.springframework.boot.test.autoconfigure.restdocs.RestDocsTestExecutionListener@285ac29, org.springframework.boot.test.autoconfigure.web.client.MockRestServiceServerResetTestExecutionListener@1ced1d14, org.springframework.boot.test.autoconfigure.web.servlet.MockMvcPrintOnlyOnFailureTestExecutionListener@237b54bc, org.springframework.boot.test.autoconfigure.web.servlet.WebDriverTestExecutionListener@5263f554, org.springframework.boot.test.autoconfigure.webservices.client.MockWebServiceServerTestExecutionListener@7d28efd5]

  .   ____          _            __ _ _
 /\\ / ___'_ __ _ _(_)_ __  __ _ \ \ \ \
( ( )\___ | '_ | '_| | '_ \/ _` | \ \ \ \
 \\/  ___)| |_)| | | | | || (_| |  ) ) ) )
  '  |____| .__|_| |_|_| |_\__, | / / / /
 =========|_|==============|___/=/_/_/_/
 :: Spring Boot ::                (v2.7.0)

2023-08-15 00:28:32.747  INFO 17164 --- [           main] c.e.paul.unit.AccountRestControllerTest  : Starting AccountRestControllerTest using Java 20.0.2 on Sumit-i7 with PID 17164 (started by sumit in C:\Users\sumit\Desktop\Spring-boot-Banking-main)
2023-08-15 00:28:32.748  INFO 17164 --- [           main] c.e.paul.unit.AccountRestControllerTest  : The following 1 profile is active: "local"
2023-08-15 00:28:32.749  WARN 17164 --- [           main] o.s.b.c.config.ConfigDataEnvironment     : Property 'spring.profiles' imported from location 'class path resource [application.yaml]' is invalid and should be replaced with 'spring.config.activate.on-profile' [origin: class path resource [application.yaml] - 6:13]
2023-08-15 00:28:33.361  INFO 17164 --- [           main] o.s.b.t.m.w.SpringBootMockServletContext : Initializing Spring TestDispatcherServlet ''
2023-08-15 00:28:33.361  INFO 17164 --- [           main] o.s.t.web.servlet.TestDispatcherServlet  : Initializing Servlet ''
2023-08-15 00:28:33.362  INFO 17164 --- [           main] o.s.t.web.servlet.TestDispatcherServlet  : Completed initialization in 1 ms
2023-08-15 00:28:33.381  INFO 17164 --- [           main] c.e.paul.unit.AccountRestControllerTest  : Started AccountRestControllerTest in 0.662 seconds (JVM running for 9.973)

MockHttpServletRequest:
      HTTP Method = POST
      Request URI = /api/v1/accounts
       Parameters = {}
          Headers = [Content-Type:"application/json;charset=UTF-8", Content-Length:"52"]
             Body = {"sortCode": "53-68-92","accountNumber": "78901234"}
    Session Attrs = {}

Handler:
             Type = com.example.paul.controllers.AccountRestController
           Method = com.example.paul.controllers.AccountRestController#checkAccountBalance(AccountInput)

Async:
    Async started = false
     Async result = null

Resolved Exception:
             Type = null

ModelAndView:
        View name = null
             View = null
            Model = null

FlashMap:
       Attributes = null

MockHttpServletResponse:
           Status = 200
    Error message = null
          Headers = [Content-Type:"application/json", Content-Length:"68"]
     Content type = application/json
             Body = Unable to find an account matching this sort code and account number
    Forwarded URL = null
   Redirected URL = null
          Cookies = []
]]></system-out>
  </testcase>
  <testcase name="givenAccountDetails_whenCheckingBalance_thenVerifyOk" classname="com.example.paul.unit.AccountRestControllerTest" time="0.009">
    <failure message="Status expected:&lt;204&gt; but was:&lt;200&gt;" type="java.lang.AssertionError"><![CDATA[java.lang.AssertionError: Status expected:<204> but was:<200>
	at com.example.paul.unit.AccountRestControllerTest.givenAccountDetails_whenCheckingBalance_thenVerifyOk(AccountRestControllerTest.java:62)
]]></failure>
    <system-out><![CDATA[
MockHttpServletRequest:
      HTTP Method = POST
      Request URI = /api/v1/accounts
       Parameters = {}
          Headers = [Content-Type:"application/json;charset=UTF-8", Content-Length:"52"]
             Body = {"sortCode": "53-68-92","accountNumber": "78901234"}
    Session Attrs = {}

Handler:
             Type = com.example.paul.controllers.AccountRestController
           Method = com.example.paul.controllers.AccountRestController#checkAccountBalance(AccountInput)

Async:
    Async started = false
     Async result = null

Resolved Exception:
             Type = null

ModelAndView:
        View name = null
             View = null
            Model = null

FlashMap:
       Attributes = null

MockHttpServletResponse:
           Status = 200
    Error message = null
          Headers = [Content-Type:"application/json", Content-Length:"68"]
     Content type = application/json
             Body = Unable to find an account matching this sort code and account number
    Forwarded URL = null
   Redirected URL = null
          Cookies = []
]]></system-out>
  </testcase>
  <testcase name="givenInvalidInput_whenCheckingBalance_thenVerifyBadRequest" classname="com.example.paul.unit.AccountRestControllerTest" time="0.008"/>
  <testcase name="givenMissingInput_whenCheckingBalance_thenVerifyBadRequest" classname="com.example.paul.unit.AccountRestControllerTest" time="0.011"/>
</testsuite>